  speechManager.cpp
D:\C++Projects\基于STL的演讲比赛流程管理系统\基于STL的演讲比赛流程管理系统\speechManager.cpp(56,20): warning C4018: “<”: 有符号/无符号不匹配
D:\C++Projects\基于STL的演讲比赛流程管理系统\基于STL的演讲比赛流程管理系统\speechManager.cpp(346,21): warning C4018: “<”: 有符号/无符号不匹配
D:\VisualStudio2019_IDE\Community\VC\Tools\MSVC\14.29.30133\include\numeric(35,26): warning C4244: “=”: 从“double”转换到“_Ty”，可能丢失数据
          with
          [
              _Ty=float
          ]
D:\VisualStudio2019_IDE\Community\VC\Tools\MSVC\14.29.30133\include\numeric(44): message : 查看对正在编译的函数 模板 实例化“_Ty std::accumulate<_InIt,_Ty,std::plus<void>>(const _InIt,const _InIt,_Ty,_Fn)”的引用
          with
          [
              _Ty=float,
              _InIt=std::_Deque_iterator<std::_Deque_val<std::_Deque_simple_types<double>>>,
              _Fn=std::plus<void>
          ]
D:\C++Projects\基于STL的演讲比赛流程管理系统\基于STL的演讲比赛流程管理系统\speechManager.cpp(183): message : 查看对正在编译的函数 模板 实例化“_Ty std::accumulate<std::_Deque_iterator<std::_Deque_val<std::_Deque_simple_types<double>>>,float>(const _InIt,const _InIt,_Ty)”的引用
          with
          [
              _Ty=float,
              _InIt=std::_Deque_iterator<std::_Deque_val<std::_Deque_simple_types<double>>>
          ]
  基于STL的演讲比赛流程管理系统.cpp
  正在生成代码...
  基于STL的演讲比赛流程管理系统.vcxproj -> D:\C++Projects\基于STL的演讲比赛流程管理系统\Debug\基于STL的演讲比赛流程管理系统.exe
